The system is: Linux - 3.10.0-514.21.1.el7.x86_64 - x86_64
Compiling the C compiler identification source file "CMakeCCompilerId.c" succeeded.
Compiler: /usr/bin/cc 
Build flags: 
Id flags: 

The output was:
0


Compilation of the C compiler identification source "CMakeCCompilerId.c" produced "a.out"

The C compiler identification is GNU, found in "/home/kfadm/gdal/dependencies/openjpeg-2.1.0/build/CMakeFiles/2.8.12.2/CompilerIdC/a.out"

Determining if the C compiler works passed with the following output:
Change Dir: /home/kfadm/gdal/dependencies/openjpeg-2.1.0/build/CMakeFiles/CMakeTmp

Run Build Command:/usr/bin/gmake "cmTryCompileExec377966763/fast"
/usr/bin/gmake -f CMakeFiles/cmTryCompileExec377966763.dir/build.make CMakeFiles/cmTryCompileExec377966763.dir/build
gmake[1]: Entering directory `/home/kfadm/gdal/dependencies/openjpeg-2.1.0/build/CMakeFiles/CMakeTmp'
/usr/bin/cmake -E cmake_progress_report /home/kfadm/gdal/dependencies/openjpeg-2.1.0/build/CMakeFiles/CMakeTmp/CMakeFiles 1
Building C object CMakeFiles/cmTryCompileExec377966763.dir/testCCompiler.c.o
/usr/bin/cc    -o CMakeFiles/cmTryCompileExec377966763.dir/testCCompiler.c.o   -c /home/kfadm/gdal/dependencies/openjpeg-2.1.0/build/CMakeFiles/CMakeTmp/testCCompiler.c
Linking C executable cmTryCompileExec377966763
/usr/bin/cmake -E cmake_link_script CMakeFiles/cmTryCompileExec377966763.dir/link.txt --verbose=1
/usr/bin/cc       CMakeFiles/cmTryCompileExec377966763.dir/testCCompiler.c.o  -o cmTryCompileExec377966763 -rdynamic 
gmake[1]: Leaving directory `/home/kfadm/gdal/dependencies/openjpeg-2.1.0/build/CMakeFiles/CMakeTmp'


Detecting C compiler ABI info compiled with the following output:
Change Dir: /home/kfadm/gdal/dependencies/openjpeg-2.1.0/build/CMakeFiles/CMakeTmp

Run Build Command:/usr/bin/gmake "cmTryCompileExec3246193563/fast"
/usr/bin/gmake -f CMakeFiles/cmTryCompileExec3246193563.dir/build.make CMakeFiles/cmTryCompileExec3246193563.dir/build
gmake[1]: Entering directory `/home/kfadm/gdal/dependencies/openjpeg-2.1.0/build/CMakeFiles/CMakeTmp'
/usr/bin/cmake -E cmake_progress_report /home/kfadm/gdal/dependencies/openjpeg-2.1.0/build/CMakeFiles/CMakeTmp/CMakeFiles 1
Building C object CMakeFiles/cmTryCompileExec3246193563.dir/CMakeCCompilerABI.c.o
/usr/bin/cc    -o CMakeFiles/cmTryCompileExec3246193563.dir/CMakeCCompilerABI.c.o   -c /usr/share/cmake/Modules/CMakeCCompilerABI.c
Linking C executable cmTryCompileExec3246193563
/usr/bin/cmake -E cmake_link_script CMakeFiles/cmTryCompileExec3246193563.dir/link.txt --verbose=1
/usr/bin/cc     -v CMakeFiles/cmTryCompileExec3246193563.dir/CMakeCCompilerABI.c.o  -o cmTryCompileExec3246193563 -rdynamic  
Using built-in specs.
COLLECT_GCC=/usr/bin/cc
COLLECT_LTO_WRAPPER=/usr/libexec/gcc/x86_64-redhat-linux/4.8.5/lto-wrapper
Target: x86_64-redhat-linux
Configured with: ../configure --prefix=/usr --mandir=/usr/share/man --infodir=/usr/share/info --with-bugurl=http://bugzilla.redhat.com/bugzilla --enable-bootstrap --enable-shared --enable-threads=posix --enable-checking=release --with-system-zlib --enable-__cxa_atexit --disable-libunwind-exceptions --enable-gnu-unique-object --enable-linker-build-id --with-linker-hash-style=gnu --enable-languages=c,c++,objc,obj-c++,java,fortran,ada,go,lto --enable-plugin --enable-initfini-array --disable-libgcj --with-isl=/builddir/build/BUILD/gcc-4.8.5-20150702/obj-x86_64-redhat-linux/isl-install --with-cloog=/builddir/build/BUILD/gcc-4.8.5-20150702/obj-x86_64-redhat-linux/cloog-install --enable-gnu-indirect-function --with-tune=generic --with-arch_32=x86-64 --build=x86_64-redhat-linux
Thread model: posix
gcc version 4.8.5 20150623 (Red Hat 4.8.5-11) (GCC) 
COMPILER_PATH=/usr/libexec/gcc/x86_64-redhat-linux/4.8.5/:/usr/libexec/gcc/x86_64-redhat-linux/4.8.5/:/usr/libexec/gcc/x86_64-redhat-linux/:/usr/lib/gcc/x86_64-redhat-linux/4.8.5/:/usr/lib/gcc/x86_64-redhat-linux/
LIBRARY_PATH=/usr/lib/gcc/x86_64-redhat-linux/4.8.5/:/usr/lib/gcc/x86_64-redhat-linux/4.8.5/../../../../lib64/:/lib/../lib64/:/usr/lib/../lib64/:/usr/lib/gcc/x86_64-redhat-linux/4.8.5/../../../:/lib/:/usr/lib/
COLLECT_GCC_OPTIONS='-v' '-o' 'cmTryCompileExec3246193563' '-rdynamic' '-mtune=generic' '-march=x86-64'
 /usr/libexec/gcc/x86_64-redhat-linux/4.8.5/collect2 --build-id --no-add-needed --eh-frame-hdr --hash-style=gnu -m elf_x86_64 -export-dynamic -dynamic-linker /lib64/ld-linux-x86-64.so.2 -o cmTryCompileExec3246193563 /usr/lib/gcc/x86_64-redhat-linux/4.8.5/../../../../lib64/crt1.o /usr/lib/gcc/x86_64-redhat-linux/4.8.5/../../../../lib64/crti.o /usr/lib/gcc/x86_64-redhat-linux/4.8.5/crtbegin.o -L/usr/lib/gcc/x86_64-redhat-linux/4.8.5 -L/usr/lib/gcc/x86_64-redhat-linux/4.8.5/../../../../lib64 -L/lib/../lib64 -L/usr/lib/../lib64 -L/usr/lib/gcc/x86_64-redhat-linux/4.8.5/../../.. CMakeFiles/cmTryCompileExec3246193563.dir/CMakeCCompilerABI.c.o -lgcc --as-needed -lgcc_s --no-as-needed -lc -lgcc --as-needed -lgcc_s --no-as-needed /usr/lib/gcc/x86_64-redhat-linux/4.8.5/crtend.o /usr/lib/gcc/x86_64-redhat-linux/4.8.5/../../../../lib64/crtn.o
gmake[1]: Leaving directory `/home/kfadm/gdal/dependencies/openjpeg-2.1.0/build/CMakeFiles/CMakeTmp'


Parsed C implicit link information from above output:
  link line regex: [^( *|.*[/\])(ld|([^/\]+-)?ld|collect2)[^/\]*( |$)]
  ignore line: [Change Dir: /home/kfadm/gdal/dependencies/openjpeg-2.1.0/build/CMakeFiles/CMakeTmp]
  ignore line: []
  ignore line: [Run Build Command:/usr/bin/gmake "cmTryCompileExec3246193563/fast"]
  ignore line: [/usr/bin/gmake -f CMakeFiles/cmTryCompileExec3246193563.dir/build.make CMakeFiles/cmTryCompileExec3246193563.dir/build]
  ignore line: [gmake[1]: Entering directory `/home/kfadm/gdal/dependencies/openjpeg-2.1.0/build/CMakeFiles/CMakeTmp']
  ignore line: [/usr/bin/cmake -E cmake_progress_report /home/kfadm/gdal/dependencies/openjpeg-2.1.0/build/CMakeFiles/CMakeTmp/CMakeFiles 1]
  ignore line: [Building C object CMakeFiles/cmTryCompileExec3246193563.dir/CMakeCCompilerABI.c.o]
  ignore line: [/usr/bin/cc    -o CMakeFiles/cmTryCompileExec3246193563.dir/CMakeCCompilerABI.c.o   -c /usr/share/cmake/Modules/CMakeCCompilerABI.c]
  ignore line: [Linking C executable cmTryCompileExec3246193563]
  ignore line: [/usr/bin/cmake -E cmake_link_script CMakeFiles/cmTryCompileExec3246193563.dir/link.txt --verbose=1]
  ignore line: [/usr/bin/cc     -v CMakeFiles/cmTryCompileExec3246193563.dir/CMakeCCompilerABI.c.o  -o cmTryCompileExec3246193563 -rdynamic  ]
  ignore line: [Using built-in specs.]
  ignore line: [COLLECT_GCC=/usr/bin/cc]
  ignore line: [COLLECT_LTO_WRAPPER=/usr/libexec/gcc/x86_64-redhat-linux/4.8.5/lto-wrapper]
  ignore line: [Target: x86_64-redhat-linux]
  ignore line: [Configured with: ../configure --prefix=/usr --mandir=/usr/share/man --infodir=/usr/share/info --with-bugurl=http://bugzilla.redhat.com/bugzilla --enable-bootstrap --enable-shared --enable-threads=posix --enable-checking=release --with-system-zlib --enable-__cxa_atexit --disable-libunwind-exceptions --enable-gnu-unique-object --enable-linker-build-id --with-linker-hash-style=gnu --enable-languages=c,c++,objc,obj-c++,java,fortran,ada,go,lto --enable-plugin --enable-initfini-array --disable-libgcj --with-isl=/builddir/build/BUILD/gcc-4.8.5-20150702/obj-x86_64-redhat-linux/isl-install --with-cloog=/builddir/build/BUILD/gcc-4.8.5-20150702/obj-x86_64-redhat-linux/cloog-install --enable-gnu-indirect-function --with-tune=generic --with-arch_32=x86-64 --build=x86_64-redhat-linux]
  ignore line: [Thread model: posix]
  ignore line: [gcc version 4.8.5 20150623 (Red Hat 4.8.5-11) (GCC) ]
  ignore line: [COMPILER_PATH=/usr/libexec/gcc/x86_64-redhat-linux/4.8.5/:/usr/libexec/gcc/x86_64-redhat-linux/4.8.5/:/usr/libexec/gcc/x86_64-redhat-linux/:/usr/lib/gcc/x86_64-redhat-linux/4.8.5/:/usr/lib/gcc/x86_64-redhat-linux/]
  ignore line: [LIBRARY_PATH=/usr/lib/gcc/x86_64-redhat-linux/4.8.5/:/usr/lib/gcc/x86_64-redhat-linux/4.8.5/../../../../lib64/:/lib/../lib64/:/usr/lib/../lib64/:/usr/lib/gcc/x86_64-redhat-linux/4.8.5/../../../:/lib/:/usr/lib/]
  ignore line: [COLLECT_GCC_OPTIONS='-v' '-o' 'cmTryCompileExec3246193563' '-rdynamic' '-mtune=generic' '-march=x86-64']
  link line: [ /usr/libexec/gcc/x86_64-redhat-linux/4.8.5/collect2 --build-id --no-add-needed --eh-frame-hdr --hash-style=gnu -m elf_x86_64 -export-dynamic -dynamic-linker /lib64/ld-linux-x86-64.so.2 -o cmTryCompileExec3246193563 /usr/lib/gcc/x86_64-redhat-linux/4.8.5/../../../../lib64/crt1.o /usr/lib/gcc/x86_64-redhat-linux/4.8.5/../../../../lib64/crti.o /usr/lib/gcc/x86_64-redhat-linux/4.8.5/crtbegin.o -L/usr/lib/gcc/x86_64-redhat-linux/4.8.5 -L/usr/lib/gcc/x86_64-redhat-linux/4.8.5/../../../../lib64 -L/lib/../lib64 -L/usr/lib/../lib64 -L/usr/lib/gcc/x86_64-redhat-linux/4.8.5/../../.. CMakeFiles/cmTryCompileExec3246193563.dir/CMakeCCompilerABI.c.o -lgcc --as-needed -lgcc_s --no-as-needed -lc -lgcc --as-needed -lgcc_s --no-as-needed /usr/lib/gcc/x86_64-redhat-linux/4.8.5/crtend.o /usr/lib/gcc/x86_64-redhat-linux/4.8.5/../../../../lib64/crtn.o]
    arg [/usr/libexec/gcc/x86_64-redhat-linux/4.8.5/collect2] ==> ignore
    arg [--build-id] ==> ignore
    arg [--no-add-needed] ==> ignore
    arg [--eh-frame-hdr] ==> ignore
    arg [--hash-style=gnu] ==> ignore
    arg [-m] ==> ignore
    arg [elf_x86_64] ==> ignore
    arg [-export-dynamic] ==> ignore
    arg [-dynamic-linker] ==> ignore
    arg [/lib64/ld-linux-x86-64.so.2] ==> ignore
    arg [-o] ==> ignore
    arg [cmTryCompileExec3246193563] ==> ignore
    arg [/usr/lib/gcc/x86_64-redhat-linux/4.8.5/../../../../lib64/crt1.o] ==> ignore
    arg [/usr/lib/gcc/x86_64-redhat-linux/4.8.5/../../../../lib64/crti.o] ==> ignore
    arg [/usr/lib/gcc/x86_64-redhat-linux/4.8.5/crtbegin.o] ==> ignore
    arg [-L/usr/lib/gcc/x86_64-redhat-linux/4.8.5] ==> dir [/usr/lib/gcc/x86_64-redhat-linux/4.8.5]
    arg [-L/usr/lib/gcc/x86_64-redhat-linux/4.8.5/../../../../lib64] ==> dir [/usr/lib/gcc/x86_64-redhat-linux/4.8.5/../../../../lib64]
    arg [-L/lib/../lib64] ==> dir [/lib/../lib64]
    arg [-L/usr/lib/../lib64] ==> dir [/usr/lib/../lib64]
    arg [-L/usr/lib/gcc/x86_64-redhat-linux/4.8.5/../../..] ==> dir [/usr/lib/gcc/x86_64-redhat-linux/4.8.5/../../..]
    arg [CMakeFiles/cmTryCompileExec3246193563.dir/CMakeCCompilerABI.c.o] ==> ignore
    arg [-lgcc] ==> lib [gcc]
    arg [--as-needed] ==> ignore
    arg [-lgcc_s] ==> lib [gcc_s]
    arg [--no-as-needed] ==> ignore
    arg [-lc] ==> lib [c]
    arg [-lgcc] ==> lib [gcc]
    arg [--as-needed] ==> ignore
    arg [-lgcc_s] ==> lib [gcc_s]
    arg [--no-as-needed] ==> ignore
    arg [/usr/lib/gcc/x86_64-redhat-linux/4.8.5/crtend.o] ==> ignore
    arg [/usr/lib/gcc/x86_64-redhat-linux/4.8.5/../../../../lib64/crtn.o] ==> ignore
  remove lib [gcc]
  remove lib [gcc_s]
  remove lib [gcc]
  remove lib [gcc_s]
  collapse library dir [/usr/lib/gcc/x86_64-redhat-linux/4.8.5] ==> [/usr/lib/gcc/x86_64-redhat-linux/4.8.5]
  collapse library dir [/usr/lib/gcc/x86_64-redhat-linux/4.8.5/../../../../lib64] ==> [/usr/lib64]
  collapse library dir [/lib/../lib64] ==> [/lib64]
  collapse library dir [/usr/lib/../lib64] ==> [/usr/lib64]
  collapse library dir [/usr/lib/gcc/x86_64-redhat-linux/4.8.5/../../..] ==> [/usr/lib]
  implicit libs: [c]
  implicit dirs: [/usr/lib/gcc/x86_64-redhat-linux/4.8.5;/usr/lib64;/lib64;/usr/lib]
  implicit fwks: []


Determining if the include file sys/types.h exists passed with the following output:
Change Dir: /home/kfadm/gdal/dependencies/openjpeg-2.1.0/build/CMakeFiles/CMakeTmp

Run Build Command:/usr/bin/gmake "cmTryCompileExec766843615/fast"
/usr/bin/gmake -f CMakeFiles/cmTryCompileExec766843615.dir/build.make CMakeFiles/cmTryCompileExec766843615.dir/build
gmake[1]: Entering directory `/home/kfadm/gdal/dependencies/openjpeg-2.1.0/build/CMakeFiles/CMakeTmp'
/usr/bin/cmake -E cmake_progress_report /home/kfadm/gdal/dependencies/openjpeg-2.1.0/build/CMakeFiles/CMakeTmp/CMakeFiles 1
Building C object CMakeFiles/cmTryCompileExec766843615.dir/CheckIncludeFile.c.o
/usr/bin/cc    -o CMakeFiles/cmTryCompileExec766843615.dir/CheckIncludeFile.c.o   -c /home/kfadm/gdal/dependencies/openjpeg-2.1.0/build/CMakeFiles/CMakeTmp/CheckIncludeFile.c
Linking C executable cmTryCompileExec766843615
/usr/bin/cmake -E cmake_link_script CMakeFiles/cmTryCompileExec766843615.dir/link.txt --verbose=1
/usr/bin/cc       CMakeFiles/cmTryCompileExec766843615.dir/CheckIncludeFile.c.o  -o cmTryCompileExec766843615 -rdynamic 
gmake[1]: Leaving directory `/home/kfadm/gdal/dependencies/openjpeg-2.1.0/build/CMakeFiles/CMakeTmp'


Determining if the include file stdint.h exists passed with the following output:
Change Dir: /home/kfadm/gdal/dependencies/openjpeg-2.1.0/build/CMakeFiles/CMakeTmp

Run Build Command:/usr/bin/gmake "cmTryCompileExec3579299128/fast"
/usr/bin/gmake -f CMakeFiles/cmTryCompileExec3579299128.dir/build.make CMakeFiles/cmTryCompileExec3579299128.dir/build
gmake[1]: Entering directory `/home/kfadm/gdal/dependencies/openjpeg-2.1.0/build/CMakeFiles/CMakeTmp'
/usr/bin/cmake -E cmake_progress_report /home/kfadm/gdal/dependencies/openjpeg-2.1.0/build/CMakeFiles/CMakeTmp/CMakeFiles 1
Building C object CMakeFiles/cmTryCompileExec3579299128.dir/CheckIncludeFile.c.o
/usr/bin/cc    -o CMakeFiles/cmTryCompileExec3579299128.dir/CheckIncludeFile.c.o   -c /home/kfadm/gdal/dependencies/openjpeg-2.1.0/build/CMakeFiles/CMakeTmp/CheckIncludeFile.c
Linking C executable cmTryCompileExec3579299128
/usr/bin/cmake -E cmake_link_script CMakeFiles/cmTryCompileExec3579299128.dir/link.txt --verbose=1
/usr/bin/cc       CMakeFiles/cmTryCompileExec3579299128.dir/CheckIncludeFile.c.o  -o cmTryCompileExec3579299128 -rdynamic 
gmake[1]: Leaving directory `/home/kfadm/gdal/dependencies/openjpeg-2.1.0/build/CMakeFiles/CMakeTmp'


Determining if the include file stddef.h exists passed with the following output:
Change Dir: /home/kfadm/gdal/dependencies/openjpeg-2.1.0/build/CMakeFiles/CMakeTmp

Run Build Command:/usr/bin/gmake "cmTryCompileExec2095480285/fast"
/usr/bin/gmake -f CMakeFiles/cmTryCompileExec2095480285.dir/build.make CMakeFiles/cmTryCompileExec2095480285.dir/build
gmake[1]: Entering directory `/home/kfadm/gdal/dependencies/openjpeg-2.1.0/build/CMakeFiles/CMakeTmp'
/usr/bin/cmake -E cmake_progress_report /home/kfadm/gdal/dependencies/openjpeg-2.1.0/build/CMakeFiles/CMakeTmp/CMakeFiles 1
Building C object CMakeFiles/cmTryCompileExec2095480285.dir/CheckIncludeFile.c.o
/usr/bin/cc    -o CMakeFiles/cmTryCompileExec2095480285.dir/CheckIncludeFile.c.o   -c /home/kfadm/gdal/dependencies/openjpeg-2.1.0/build/CMakeFiles/CMakeTmp/CheckIncludeFile.c
Linking C executable cmTryCompileExec2095480285
/usr/bin/cmake -E cmake_link_script CMakeFiles/cmTryCompileExec2095480285.dir/link.txt --verbose=1
/usr/bin/cc       CMakeFiles/cmTryCompileExec2095480285.dir/CheckIncludeFile.c.o  -o cmTryCompileExec2095480285 -rdynamic 
gmake[1]: Leaving directory `/home/kfadm/gdal/dependencies/openjpeg-2.1.0/build/CMakeFiles/CMakeTmp'


Determining size of unsigned short passed with the following output:
Change Dir: /home/kfadm/gdal/dependencies/openjpeg-2.1.0/build/CMakeFiles/CMakeTmp

Run Build Command:/usr/bin/gmake "cmTryCompileExec1242032051/fast"
/usr/bin/gmake -f CMakeFiles/cmTryCompileExec1242032051.dir/build.make CMakeFiles/cmTryCompileExec1242032051.dir/build
gmake[1]: Entering directory `/home/kfadm/gdal/dependencies/openjpeg-2.1.0/build/CMakeFiles/CMakeTmp'
/usr/bin/cmake -E cmake_progress_report /home/kfadm/gdal/dependencies/openjpeg-2.1.0/build/CMakeFiles/CMakeTmp/CMakeFiles 1
Building C object CMakeFiles/cmTryCompileExec1242032051.dir/CMAKE_SIZEOF_UNSIGNED_SHORT.c.o
/usr/bin/cc    -o CMakeFiles/cmTryCompileExec1242032051.dir/CMAKE_SIZEOF_UNSIGNED_SHORT.c.o   -c /home/kfadm/gdal/dependencies/openjpeg-2.1.0/build/CMakeFiles/CheckTypeSize/CMAKE_SIZEOF_UNSIGNED_SHORT.c
Linking C executable cmTryCompileExec1242032051
/usr/bin/cmake -E cmake_link_script CMakeFiles/cmTryCompileExec1242032051.dir/link.txt --verbose=1
/usr/bin/cc       CMakeFiles/cmTryCompileExec1242032051.dir/CMAKE_SIZEOF_UNSIGNED_SHORT.c.o  -o cmTryCompileExec1242032051 -rdynamic 
gmake[1]: Leaving directory `/home/kfadm/gdal/dependencies/openjpeg-2.1.0/build/CMakeFiles/CMakeTmp'


Determining if the include file string.h exists passed with the following output:
Change Dir: /home/kfadm/gdal/dependencies/openjpeg-2.1.0/build/CMakeFiles/CMakeTmp

Run Build Command:/usr/bin/gmake "cmTryCompileExec1878435335/fast"
/usr/bin/gmake -f CMakeFiles/cmTryCompileExec1878435335.dir/build.make CMakeFiles/cmTryCompileExec1878435335.dir/build
gmake[1]: Entering directory `/home/kfadm/gdal/dependencies/openjpeg-2.1.0/build/CMakeFiles/CMakeTmp'
/usr/bin/cmake -E cmake_progress_report /home/kfadm/gdal/dependencies/openjpeg-2.1.0/build/CMakeFiles/CMakeTmp/CMakeFiles 1
Building C object CMakeFiles/cmTryCompileExec1878435335.dir/CheckIncludeFile.c.o
/usr/bin/cc    -o CMakeFiles/cmTryCompileExec1878435335.dir/CheckIncludeFile.c.o   -c /home/kfadm/gdal/dependencies/openjpeg-2.1.0/build/CMakeFiles/CMakeTmp/CheckIncludeFile.c
Linking C executable cmTryCompileExec1878435335
/usr/bin/cmake -E cmake_link_script CMakeFiles/cmTryCompileExec1878435335.dir/link.txt --verbose=1
/usr/bin/cc       CMakeFiles/cmTryCompileExec1878435335.dir/CheckIncludeFile.c.o  -o cmTryCompileExec1878435335 -rdynamic 
gmake[1]: Leaving directory `/home/kfadm/gdal/dependencies/openjpeg-2.1.0/build/CMakeFiles/CMakeTmp'


Determining if the include file memory.h exists passed with the following output:
Change Dir: /home/kfadm/gdal/dependencies/openjpeg-2.1.0/build/CMakeFiles/CMakeTmp

Run Build Command:/usr/bin/gmake "cmTryCompileExec1725215700/fast"
/usr/bin/gmake -f CMakeFiles/cmTryCompileExec1725215700.dir/build.make CMakeFiles/cmTryCompileExec1725215700.dir/build
gmake[1]: Entering directory `/home/kfadm/gdal/dependencies/openjpeg-2.1.0/build/CMakeFiles/CMakeTmp'
/usr/bin/cmake -E cmake_progress_report /home/kfadm/gdal/dependencies/openjpeg-2.1.0/build/CMakeFiles/CMakeTmp/CMakeFiles 1
Building C object CMakeFiles/cmTryCompileExec1725215700.dir/CheckIncludeFile.c.o
/usr/bin/cc    -o CMakeFiles/cmTryCompileExec1725215700.dir/CheckIncludeFile.c.o   -c /home/kfadm/gdal/dependencies/openjpeg-2.1.0/build/CMakeFiles/CMakeTmp/CheckIncludeFile.c
Linking C executable cmTryCompileExec1725215700
/usr/bin/cmake -E cmake_link_script CMakeFiles/cmTryCompileExec1725215700.dir/link.txt --verbose=1
/usr/bin/cc       CMakeFiles/cmTryCompileExec1725215700.dir/CheckIncludeFile.c.o  -o cmTryCompileExec1725215700 -rdynamic 
gmake[1]: Leaving directory `/home/kfadm/gdal/dependencies/openjpeg-2.1.0/build/CMakeFiles/CMakeTmp'


Determining if the include file stdlib.h exists passed with the following output:
Change Dir: /home/kfadm/gdal/dependencies/openjpeg-2.1.0/build/CMakeFiles/CMakeTmp

Run Build Command:/usr/bin/gmake "cmTryCompileExec486910157/fast"
/usr/bin/gmake -f CMakeFiles/cmTryCompileExec486910157.dir/build.make CMakeFiles/cmTryCompileExec486910157.dir/build
gmake[1]: Entering directory `/home/kfadm/gdal/dependencies/openjpeg-2.1.0/build/CMakeFiles/CMakeTmp'
/usr/bin/cmake -E cmake_progress_report /home/kfadm/gdal/dependencies/openjpeg-2.1.0/build/CMakeFiles/CMakeTmp/CMakeFiles 1
Building C object CMakeFiles/cmTryCompileExec486910157.dir/CheckIncludeFile.c.o
/usr/bin/cc    -o CMakeFiles/cmTryCompileExec486910157.dir/CheckIncludeFile.c.o   -c /home/kfadm/gdal/dependencies/openjpeg-2.1.0/build/CMakeFiles/CMakeTmp/CheckIncludeFile.c
Linking C executable cmTryCompileExec486910157
/usr/bin/cmake -E cmake_link_script CMakeFiles/cmTryCompileExec486910157.dir/link.txt --verbose=1
/usr/bin/cc       CMakeFiles/cmTryCompileExec486910157.dir/CheckIncludeFile.c.o  -o cmTryCompileExec486910157 -rdynamic 
gmake[1]: Leaving directory `/home/kfadm/gdal/dependencies/openjpeg-2.1.0/build/CMakeFiles/CMakeTmp'


Determining if the include file stdio.h exists passed with the following output:
Change Dir: /home/kfadm/gdal/dependencies/openjpeg-2.1.0/build/CMakeFiles/CMakeTmp

Run Build Command:/usr/bin/gmake "cmTryCompileExec2152108227/fast"
/usr/bin/gmake -f CMakeFiles/cmTryCompileExec2152108227.dir/build.make CMakeFiles/cmTryCompileExec2152108227.dir/build
gmake[1]: Entering directory `/home/kfadm/gdal/dependencies/openjpeg-2.1.0/build/CMakeFiles/CMakeTmp'
/usr/bin/cmake -E cmake_progress_report /home/kfadm/gdal/dependencies/openjpeg-2.1.0/build/CMakeFiles/CMakeTmp/CMakeFiles 1
Building C object CMakeFiles/cmTryCompileExec2152108227.dir/CheckIncludeFile.c.o
/usr/bin/cc    -o CMakeFiles/cmTryCompileExec2152108227.dir/CheckIncludeFile.c.o   -c /home/kfadm/gdal/dependencies/openjpeg-2.1.0/build/CMakeFiles/CMakeTmp/CheckIncludeFile.c
Linking C executable cmTryCompileExec2152108227
/usr/bin/cmake -E cmake_link_script CMakeFiles/cmTryCompileExec2152108227.dir/link.txt --verbose=1
/usr/bin/cc       CMakeFiles/cmTryCompileExec2152108227.dir/CheckIncludeFile.c.o  -o cmTryCompileExec2152108227 -rdynamic 
gmake[1]: Leaving directory `/home/kfadm/gdal/dependencies/openjpeg-2.1.0/build/CMakeFiles/CMakeTmp'


Determining if the include file math.h exists passed with the following output:
Change Dir: /home/kfadm/gdal/dependencies/openjpeg-2.1.0/build/CMakeFiles/CMakeTmp

Run Build Command:/usr/bin/gmake "cmTryCompileExec1897439732/fast"
/usr/bin/gmake -f CMakeFiles/cmTryCompileExec1897439732.dir/build.make CMakeFiles/cmTryCompileExec1897439732.dir/build
gmake[1]: Entering directory `/home/kfadm/gdal/dependencies/openjpeg-2.1.0/build/CMakeFiles/CMakeTmp'
/usr/bin/cmake -E cmake_progress_report /home/kfadm/gdal/dependencies/openjpeg-2.1.0/build/CMakeFiles/CMakeTmp/CMakeFiles 1
Building C object CMakeFiles/cmTryCompileExec1897439732.dir/CheckIncludeFile.c.o
/usr/bin/cc    -o CMakeFiles/cmTryCompileExec1897439732.dir/CheckIncludeFile.c.o   -c /home/kfadm/gdal/dependencies/openjpeg-2.1.0/build/CMakeFiles/CMakeTmp/CheckIncludeFile.c
Linking C executable cmTryCompileExec1897439732
/usr/bin/cmake -E cmake_link_script CMakeFiles/cmTryCompileExec1897439732.dir/link.txt --verbose=1
/usr/bin/cc       CMakeFiles/cmTryCompileExec1897439732.dir/CheckIncludeFile.c.o  -o cmTryCompileExec1897439732 -rdynamic 
gmake[1]: Leaving directory `/home/kfadm/gdal/dependencies/openjpeg-2.1.0/build/CMakeFiles/CMakeTmp'


Determining if the include file float.h exists passed with the following output:
Change Dir: /home/kfadm/gdal/dependencies/openjpeg-2.1.0/build/CMakeFiles/CMakeTmp

Run Build Command:/usr/bin/gmake "cmTryCompileExec2186815091/fast"
/usr/bin/gmake -f CMakeFiles/cmTryCompileExec2186815091.dir/build.make CMakeFiles/cmTryCompileExec2186815091.dir/build
gmake[1]: Entering directory `/home/kfadm/gdal/dependencies/openjpeg-2.1.0/build/CMakeFiles/CMakeTmp'
/usr/bin/cmake -E cmake_progress_report /home/kfadm/gdal/dependencies/openjpeg-2.1.0/build/CMakeFiles/CMakeTmp/CMakeFiles 1
Building C object CMakeFiles/cmTryCompileExec2186815091.dir/CheckIncludeFile.c.o
/usr/bin/cc    -o CMakeFiles/cmTryCompileExec2186815091.dir/CheckIncludeFile.c.o   -c /home/kfadm/gdal/dependencies/openjpeg-2.1.0/build/CMakeFiles/CMakeTmp/CheckIncludeFile.c
Linking C executable cmTryCompileExec2186815091
/usr/bin/cmake -E cmake_link_script CMakeFiles/cmTryCompileExec2186815091.dir/link.txt --verbose=1
/usr/bin/cc       CMakeFiles/cmTryCompileExec2186815091.dir/CheckIncludeFile.c.o  -o cmTryCompileExec2186815091 -rdynamic 
gmake[1]: Leaving directory `/home/kfadm/gdal/dependencies/openjpeg-2.1.0/build/CMakeFiles/CMakeTmp'


Determining if the include file time.h exists passed with the following output:
Change Dir: /home/kfadm/gdal/dependencies/openjpeg-2.1.0/build/CMakeFiles/CMakeTmp

Run Build Command:/usr/bin/gmake "cmTryCompileExec42643651/fast"
/usr/bin/gmake -f CMakeFiles/cmTryCompileExec42643651.dir/build.make CMakeFiles/cmTryCompileExec42643651.dir/build
gmake[1]: Entering directory `/home/kfadm/gdal/dependencies/openjpeg-2.1.0/build/CMakeFiles/CMakeTmp'
/usr/bin/cmake -E cmake_progress_report /home/kfadm/gdal/dependencies/openjpeg-2.1.0/build/CMakeFiles/CMakeTmp/CMakeFiles 1
Building C object CMakeFiles/cmTryCompileExec42643651.dir/CheckIncludeFile.c.o
/usr/bin/cc    -o CMakeFiles/cmTryCompileExec42643651.dir/CheckIncludeFile.c.o   -c /home/kfadm/gdal/dependencies/openjpeg-2.1.0/build/CMakeFiles/CMakeTmp/CheckIncludeFile.c
Linking C executable cmTryCompileExec42643651
/usr/bin/cmake -E cmake_link_script CMakeFiles/cmTryCompileExec42643651.dir/link.txt --verbose=1
/usr/bin/cc       CMakeFiles/cmTryCompileExec42643651.dir/CheckIncludeFile.c.o  -o cmTryCompileExec42643651 -rdynamic 
gmake[1]: Leaving directory `/home/kfadm/gdal/dependencies/openjpeg-2.1.0/build/CMakeFiles/CMakeTmp'


Determining if the include file stdarg.h exists passed with the following output:
Change Dir: /home/kfadm/gdal/dependencies/openjpeg-2.1.0/build/CMakeFiles/CMakeTmp

Run Build Command:/usr/bin/gmake "cmTryCompileExec1568933074/fast"
/usr/bin/gmake -f CMakeFiles/cmTryCompileExec1568933074.dir/build.make CMakeFiles/cmTryCompileExec1568933074.dir/build
gmake[1]: Entering directory `/home/kfadm/gdal/dependencies/openjpeg-2.1.0/build/CMakeFiles/CMakeTmp'
/usr/bin/cmake -E cmake_progress_report /home/kfadm/gdal/dependencies/openjpeg-2.1.0/build/CMakeFiles/CMakeTmp/CMakeFiles 1
Building C object CMakeFiles/cmTryCompileExec1568933074.dir/CheckIncludeFile.c.o
/usr/bin/cc    -o CMakeFiles/cmTryCompileExec1568933074.dir/CheckIncludeFile.c.o   -c /home/kfadm/gdal/dependencies/openjpeg-2.1.0/build/CMakeFiles/CMakeTmp/CheckIncludeFile.c
Linking C executable cmTryCompileExec1568933074
/usr/bin/cmake -E cmake_link_script CMakeFiles/cmTryCompileExec1568933074.dir/link.txt --verbose=1
/usr/bin/cc       CMakeFiles/cmTryCompileExec1568933074.dir/CheckIncludeFile.c.o  -o cmTryCompileExec1568933074 -rdynamic 
gmake[1]: Leaving directory `/home/kfadm/gdal/dependencies/openjpeg-2.1.0/build/CMakeFiles/CMakeTmp'


Determining if the include file ctype.h exists passed with the following output:
Change Dir: /home/kfadm/gdal/dependencies/openjpeg-2.1.0/build/CMakeFiles/CMakeTmp

Run Build Command:/usr/bin/gmake "cmTryCompileExec3055763221/fast"
/usr/bin/gmake -f CMakeFiles/cmTryCompileExec3055763221.dir/build.make CMakeFiles/cmTryCompileExec3055763221.dir/build
gmake[1]: Entering directory `/home/kfadm/gdal/dependencies/openjpeg-2.1.0/build/CMakeFiles/CMakeTmp'
/usr/bin/cmake -E cmake_progress_report /home/kfadm/gdal/dependencies/openjpeg-2.1.0/build/CMakeFiles/CMakeTmp/CMakeFiles 1
Building C object CMakeFiles/cmTryCompileExec3055763221.dir/CheckIncludeFile.c.o
/usr/bin/cc    -o CMakeFiles/cmTryCompileExec3055763221.dir/CheckIncludeFile.c.o   -c /home/kfadm/gdal/dependencies/openjpeg-2.1.0/build/CMakeFiles/CMakeTmp/CheckIncludeFile.c
Linking C executable cmTryCompileExec3055763221
/usr/bin/cmake -E cmake_link_script CMakeFiles/cmTryCompileExec3055763221.dir/link.txt --verbose=1
/usr/bin/cc       CMakeFiles/cmTryCompileExec3055763221.dir/CheckIncludeFile.c.o  -o cmTryCompileExec3055763221 -rdynamic 
gmake[1]: Leaving directory `/home/kfadm/gdal/dependencies/openjpeg-2.1.0/build/CMakeFiles/CMakeTmp'


Determining if the include file assert.h exists passed with the following output:
Change Dir: /home/kfadm/gdal/dependencies/openjpeg-2.1.0/build/CMakeFiles/CMakeTmp

Run Build Command:/usr/bin/gmake "cmTryCompileExec4034552652/fast"
/usr/bin/gmake -f CMakeFiles/cmTryCompileExec4034552652.dir/build.make CMakeFiles/cmTryCompileExec4034552652.dir/build
gmake[1]: Entering directory `/home/kfadm/gdal/dependencies/openjpeg-2.1.0/build/CMakeFiles/CMakeTmp'
/usr/bin/cmake -E cmake_progress_report /home/kfadm/gdal/dependencies/openjpeg-2.1.0/build/CMakeFiles/CMakeTmp/CMakeFiles 1
Building C object CMakeFiles/cmTryCompileExec4034552652.dir/CheckIncludeFile.c.o
/usr/bin/cc    -o CMakeFiles/cmTryCompileExec4034552652.dir/CheckIncludeFile.c.o   -c /home/kfadm/gdal/dependencies/openjpeg-2.1.0/build/CMakeFiles/CMakeTmp/CheckIncludeFile.c
Linking C executable cmTryCompileExec4034552652
/usr/bin/cmake -E cmake_link_script CMakeFiles/cmTryCompileExec4034552652.dir/link.txt --verbose=1
/usr/bin/cc       CMakeFiles/cmTryCompileExec4034552652.dir/CheckIncludeFile.c.o  -o cmTryCompileExec4034552652 -rdynamic 
gmake[1]: Leaving directory `/home/kfadm/gdal/dependencies/openjpeg-2.1.0/build/CMakeFiles/CMakeTmp'


Determining if the include file stdint.h exists passed with the following output:
Change Dir: /home/kfadm/gdal/dependencies/openjpeg-2.1.0/build/CMakeFiles/CMakeTmp

Run Build Command:/usr/bin/gmake "cmTryCompileExec4155865210/fast"
/usr/bin/gmake -f CMakeFiles/cmTryCompileExec4155865210.dir/build.make CMakeFiles/cmTryCompileExec4155865210.dir/build
gmake[1]: Entering directory `/home/kfadm/gdal/dependencies/openjpeg-2.1.0/build/CMakeFiles/CMakeTmp'
/usr/bin/cmake -E cmake_progress_report /home/kfadm/gdal/dependencies/openjpeg-2.1.0/build/CMakeFiles/CMakeTmp/CMakeFiles 1
Building C object CMakeFiles/cmTryCompileExec4155865210.dir/CheckIncludeFile.c.o
/usr/bin/cc    -o CMakeFiles/cmTryCompileExec4155865210.dir/CheckIncludeFile.c.o   -c /home/kfadm/gdal/dependencies/openjpeg-2.1.0/build/CMakeFiles/CMakeTmp/CheckIncludeFile.c
Linking C executable cmTryCompileExec4155865210
/usr/bin/cmake -E cmake_link_script CMakeFiles/cmTryCompileExec4155865210.dir/link.txt --verbose=1
/usr/bin/cc       CMakeFiles/cmTryCompileExec4155865210.dir/CheckIncludeFile.c.o  -o cmTryCompileExec4155865210 -rdynamic 
gmake[1]: Leaving directory `/home/kfadm/gdal/dependencies/openjpeg-2.1.0/build/CMakeFiles/CMakeTmp'


Determining if the include file inttypes.h exists passed with the following output:
Change Dir: /home/kfadm/gdal/dependencies/openjpeg-2.1.0/build/CMakeFiles/CMakeTmp

Run Build Command:/usr/bin/gmake "cmTryCompileExec4074542778/fast"
/usr/bin/gmake -f CMakeFiles/cmTryCompileExec4074542778.dir/build.make CMakeFiles/cmTryCompileExec4074542778.dir/build
gmake[1]: Entering directory `/home/kfadm/gdal/dependencies/openjpeg-2.1.0/build/CMakeFiles/CMakeTmp'
/usr/bin/cmake -E cmake_progress_report /home/kfadm/gdal/dependencies/openjpeg-2.1.0/build/CMakeFiles/CMakeTmp/CMakeFiles 1
Building C object CMakeFiles/cmTryCompileExec4074542778.dir/CheckIncludeFile.c.o
/usr/bin/cc    -o CMakeFiles/cmTryCompileExec4074542778.dir/CheckIncludeFile.c.o   -c /home/kfadm/gdal/dependencies/openjpeg-2.1.0/build/CMakeFiles/CMakeTmp/CheckIncludeFile.c
Linking C executable cmTryCompileExec4074542778
/usr/bin/cmake -E cmake_link_script CMakeFiles/cmTryCompileExec4074542778.dir/link.txt --verbose=1
/usr/bin/cc       CMakeFiles/cmTryCompileExec4074542778.dir/CheckIncludeFile.c.o  -o cmTryCompileExec4074542778 -rdynamic 
gmake[1]: Leaving directory `/home/kfadm/gdal/dependencies/openjpeg-2.1.0/build/CMakeFiles/CMakeTmp'


Determining if the include file strings.h exists passed with the following output:
Change Dir: /home/kfadm/gdal/dependencies/openjpeg-2.1.0/build/CMakeFiles/CMakeTmp

Run Build Command:/usr/bin/gmake "cmTryCompileExec1678255019/fast"
/usr/bin/gmake -f CMakeFiles/cmTryCompileExec1678255019.dir/build.make CMakeFiles/cmTryCompileExec1678255019.dir/build
gmake[1]: Entering directory `/home/kfadm/gdal/dependencies/openjpeg-2.1.0/build/CMakeFiles/CMakeTmp'
/usr/bin/cmake -E cmake_progress_report /home/kfadm/gdal/dependencies/openjpeg-2.1.0/build/CMakeFiles/CMakeTmp/CMakeFiles 1
Building C object CMakeFiles/cmTryCompileExec1678255019.dir/CheckIncludeFile.c.o
/usr/bin/cc    -o CMakeFiles/cmTryCompileExec1678255019.dir/CheckIncludeFile.c.o   -c /home/kfadm/gdal/dependencies/openjpeg-2.1.0/build/CMakeFiles/CMakeTmp/CheckIncludeFile.c
Linking C executable cmTryCompileExec1678255019
/usr/bin/cmake -E cmake_link_script CMakeFiles/cmTryCompileExec1678255019.dir/link.txt --verbose=1
/usr/bin/cc       CMakeFiles/cmTryCompileExec1678255019.dir/CheckIncludeFile.c.o  -o cmTryCompileExec1678255019 -rdynamic 
gmake[1]: Leaving directory `/home/kfadm/gdal/dependencies/openjpeg-2.1.0/build/CMakeFiles/CMakeTmp'


Determining if the include file sys/stat.h exists passed with the following output:
Change Dir: /home/kfadm/gdal/dependencies/openjpeg-2.1.0/build/CMakeFiles/CMakeTmp

Run Build Command:/usr/bin/gmake "cmTryCompileExec779988415/fast"
/usr/bin/gmake -f CMakeFiles/cmTryCompileExec779988415.dir/build.make CMakeFiles/cmTryCompileExec779988415.dir/build
gmake[1]: Entering directory `/home/kfadm/gdal/dependencies/openjpeg-2.1.0/build/CMakeFiles/CMakeTmp'
/usr/bin/cmake -E cmake_progress_report /home/kfadm/gdal/dependencies/openjpeg-2.1.0/build/CMakeFiles/CMakeTmp/CMakeFiles 1
Building C object CMakeFiles/cmTryCompileExec779988415.dir/CheckIncludeFile.c.o
/usr/bin/cc    -o CMakeFiles/cmTryCompileExec779988415.dir/CheckIncludeFile.c.o   -c /home/kfadm/gdal/dependencies/openjpeg-2.1.0/build/CMakeFiles/CMakeTmp/CheckIncludeFile.c
Linking C executable cmTryCompileExec779988415
/usr/bin/cmake -E cmake_link_script CMakeFiles/cmTryCompileExec779988415.dir/link.txt --verbose=1
/usr/bin/cc       CMakeFiles/cmTryCompileExec779988415.dir/CheckIncludeFile.c.o  -o cmTryCompileExec779988415 -rdynamic 
gmake[1]: Leaving directory `/home/kfadm/gdal/dependencies/openjpeg-2.1.0/build/CMakeFiles/CMakeTmp'


Determining if the include file unistd.h exists passed with the following output:
Change Dir: /home/kfadm/gdal/dependencies/openjpeg-2.1.0/build/CMakeFiles/CMakeTmp

Run Build Command:/usr/bin/gmake "cmTryCompileExec1250811942/fast"
/usr/bin/gmake -f CMakeFiles/cmTryCompileExec1250811942.dir/build.make CMakeFiles/cmTryCompileExec1250811942.dir/build
gmake[1]: Entering directory `/home/kfadm/gdal/dependencies/openjpeg-2.1.0/build/CMakeFiles/CMakeTmp'
/usr/bin/cmake -E cmake_progress_report /home/kfadm/gdal/dependencies/openjpeg-2.1.0/build/CMakeFiles/CMakeTmp/CMakeFiles 1
Building C object CMakeFiles/cmTryCompileExec1250811942.dir/CheckIncludeFile.c.o
/usr/bin/cc    -o CMakeFiles/cmTryCompileExec1250811942.dir/CheckIncludeFile.c.o   -c /home/kfadm/gdal/dependencies/openjpeg-2.1.0/build/CMakeFiles/CMakeTmp/CheckIncludeFile.c
Linking C executable cmTryCompileExec1250811942
/usr/bin/cmake -E cmake_link_script CMakeFiles/cmTryCompileExec1250811942.dir/link.txt --verbose=1
/usr/bin/cc       CMakeFiles/cmTryCompileExec1250811942.dir/CheckIncludeFile.c.o  -o cmTryCompileExec1250811942 -rdynamic 
gmake[1]: Leaving directory `/home/kfadm/gdal/dependencies/openjpeg-2.1.0/build/CMakeFiles/CMakeTmp'


